[0.070s] Invoking command in '/home/edwinooi/dev_ws/build/my_package': CMAKE_PREFIX_PATH=/opt/ros/rolling /usr/bin/cmake /home/edwinooi/dev_ws/src/my_package -DAMENT_CMAKE_SYMLINK_INSTALL=1 -DCMAKE_INSTALL_PREFIX=/home/edwinooi/dev_ws/install/my_package
[0.279s] -- The C compiler identification is GNU 11.4.0
[0.462s] -- The CXX compiler identification is GNU 11.4.0
[0.481s] -- Detecting C compiler ABI info
[0.605s] -- Detecting C compiler ABI info - done
[0.614s] -- Check for working C compiler: /usr/bin/cc - skipped
[0.615s] -- Detecting C compile features
[0.616s] -- Detecting C compile features - done
[0.620s] -- Detecting CXX compiler ABI info
[0.722s] -- Detecting CXX compiler ABI info - done
[0.731s] -- Check for working CXX compiler: /usr/bin/c++ - skipped
[0.732s] -- Detecting CXX compile features
[0.732s] -- Detecting CXX compile features - done
[0.737s] -- Found ament_cmake: 2.3.0 (/opt/ros/rolling/share/ament_cmake/cmake)
[0.998s] -- Found Python3: /usr/bin/python3.10 (found version "3.10.12") found components: Interpreter 
[1.078s] -- Override CMake install command with custom implementation using symlinks instead of copying resources
[1.143s] -- Found ament_lint_auto: 0.16.0 (/opt/ros/rolling/share/ament_lint_auto/cmake)
[1.262s] -- Added test 'flake8' to check Python code syntax and style conventions
[1.262s] -- Configured 'flake8' exclude dirs and/or files: 
[1.263s] -- Added test 'lint_cmake' to check CMake code style
[1.264s] -- Added test 'pep257' to check Python code against some of the docstring style conventions in PEP 257
[1.267s] -- Added test 'xmllint' to check XML markup files
[1.270s] -- Configuring done
[1.277s] -- Generating done
[1.277s] -- Build files have been written to: /home/edwinooi/dev_ws/build/my_package
[1.285s] Invoked command in '/home/edwinooi/dev_ws/build/my_package' returned '0': CMAKE_PREFIX_PATH=/opt/ros/rolling /usr/bin/cmake /home/edwinooi/dev_ws/src/my_package -DAMENT_CMAKE_SYMLINK_INSTALL=1 -DCMAKE_INSTALL_PREFIX=/home/edwinooi/dev_ws/install/my_package
[1.288s] Invoking command in '/home/edwinooi/dev_ws/build/my_package': CMAKE_PREFIX_PATH=/opt/ros/rolling /usr/bin/cmake --build /home/edwinooi/dev_ws/build/my_package -- -j4 -l4
[1.331s] Invoked command in '/home/edwinooi/dev_ws/build/my_package' returned '0': CMAKE_PREFIX_PATH=/opt/ros/rolling /usr/bin/cmake --build /home/edwinooi/dev_ws/build/my_package -- -j4 -l4
[1.368s] Invoking command in '/home/edwinooi/dev_ws/build/my_package': CMAKE_PREFIX_PATH=/opt/ros/rolling /usr/bin/cmake --install /home/edwinooi/dev_ws/build/my_package
[1.377s] -- Install configuration: ""
[1.378s] -- Execute custom install script
[1.378s] -- Symlinking: /home/edwinooi/dev_ws/install/my_package/share/my_package/launch/listener.launch.py
[1.389s] -- Symlinking: /home/edwinooi/dev_ws/install/my_package/share/my_package/launch/talker.launch.py
[1.399s] -- Symlinking: /home/edwinooi/dev_ws/install/my_package/share/ament_index/resource_index/package_run_dependencies/my_package
[1.409s] -- Symlinking: /home/edwinooi/dev_ws/install/my_package/share/ament_index/resource_index/parent_prefix_path/my_package
[1.420s] -- Symlinking: /home/edwinooi/dev_ws/install/my_package/share/my_package/environment/ament_prefix_path.sh
[1.430s] -- Symlinking: /home/edwinooi/dev_ws/install/my_package/share/my_package/environment/ament_prefix_path.dsv
[1.440s] -- Symlinking: /home/edwinooi/dev_ws/install/my_package/share/my_package/environment/path.sh
[1.450s] -- Symlinking: /home/edwinooi/dev_ws/install/my_package/share/my_package/environment/path.dsv
[1.460s] -- Symlinking: /home/edwinooi/dev_ws/install/my_package/share/my_package/local_setup.bash
[1.470s] -- Symlinking: /home/edwinooi/dev_ws/install/my_package/share/my_package/local_setup.sh
[1.482s] -- Symlinking: /home/edwinooi/dev_ws/install/my_package/share/my_package/local_setup.zsh
[1.493s] -- Symlinking: /home/edwinooi/dev_ws/install/my_package/share/my_package/local_setup.dsv
[1.502s] -- Symlinking: /home/edwinooi/dev_ws/install/my_package/share/my_package/package.dsv
[1.512s] -- Symlinking: /home/edwinooi/dev_ws/install/my_package/share/ament_index/resource_index/packages/my_package
[1.523s] -- Symlinking: /home/edwinooi/dev_ws/install/my_package/share/my_package/cmake/my_packageConfig.cmake
[1.533s] -- Symlinking: /home/edwinooi/dev_ws/install/my_package/share/my_package/cmake/my_packageConfig-version.cmake
[1.544s] -- Symlinking: /home/edwinooi/dev_ws/install/my_package/share/my_package/package.xml
[1.556s] Invoked command in '/home/edwinooi/dev_ws/build/my_package' returned '0': CMAKE_PREFIX_PATH=/opt/ros/rolling /usr/bin/cmake --install /home/edwinooi/dev_ws/build/my_package
